<?xml version="1.0" encoding="UTF-8"?>
<!-- Generated by org.testng.reporters.JUnitReportReporter -->
<testsuite hostname="deepikas-mbp.lan" failures="0" tests="1" name="com.amazon.tests.SignInTest" time="22.327" errors="0" timestamp="2023-09-11T11:50:16 PDT" skipped="0">
  <testcase classname="com.amazon.tests.SignInTest" name="SignIn" time="22.327"/>
  <system-out/>
</testsuite> <!-- com.amazon.tests.SignInTest -->
